SF:lib/features/home/widgets/slider/background_slider.dart
DA:13,14
DA:19,3
DA:21,4
DA:23,4
DA:25,4
DA:26,4
DA:27,12
DA:29,1
DA:30,2
DA:31,1
DA:32,2
DA:34,1
DA:35,2
DA:38,1
DA:45,4
DA:47,8
DA:48,4
DA:49,4
DA:50,4
DA:51,4
DA:52,4
DA:53,4
DA:54,24
DA:55,4
DA:56,8
DA:58,4
DA:59,4
DA:60,4
DA:64,4
DA:65,12
DA:66,4
DA:67,16
DA:68,4
DA:69,8
DA:72,8
DA:73,4
DA:76,1
LF:37
LH:37
end_of_record
SF:lib/bloc/rgb_event.dart
DA:10,3
DA:12,1
DA:13,2
DA:17,2
DA:21,2
DA:25,2
DA:31,2
DA:37,2
LF:8
LH:8
end_of_record
SF:lib/bloc/rgb_state.dart
DA:10,4
DA:12,15
DA:18,2
DA:24,10
DA:25,6
DA:27,20
DA:29,10
DA:31,6
DA:33,3
DA:35,3
DA:37,5
DA:39,5
DA:41,5
DA:43,2
DA:44,10
LF:15
LH:15
end_of_record
SF:lib/bloc/rgb_bloc.dart
DA:17,2
DA:18,2
DA:19,4
DA:20,4
DA:21,4
DA:22,4
DA:23,4
DA:24,4
DA:25,4
DA:26,4
DA:29,2
DA:31,4
DA:33,4
DA:35,4
DA:36,6
DA:39,2
DA:40,10
DA:43,2
DA:44,10
DA:47,2
DA:48,10
DA:51,2
DA:52,8
DA:54,2
DA:55,4
DA:56,12
DA:58,2
DA:59,6
DA:61,2
DA:62,6
DA:66,2
DA:67,8
DA:69,2
DA:70,4
DA:71,12
DA:73,2
DA:74,6
DA:76,2
DA:77,6
DA:81,2
DA:83,6
DA:84,8
DA:85,4
DA:86,4
DA:87,4
DA:88,4
DA:89,4
DA:90,4
DA:91,10
DA:94,1
DA:95,3
LF:51
LH:51
end_of_record
SF:lib/data/clipboard.dart
DA:6,1
DA:7,4
LF:2
LH:2
end_of_record
SF:lib/resources/enum.dart
DA:1,11
DA:10,11
LF:2
LH:2
end_of_record
SF:lib/utils/ext.dart
DA:6,21
DA:8,9
DA:12,12
DA:14,20
DA:16,9
DA:20,4
DA:21,4
DA:22,4
DA:23,4
DA:25,4
DA:26,4
DA:35,2
DA:36,2
DA:37,2
DA:38,2
DA:40,2
DA:41,2
DA:52,4
DA:54,2
DA:56,2
DA:60,6
DA:61,9
DA:62,6
DA:63,6
DA:64,6
DA:69,8
DA:71,8
LF:27
LH:27
end_of_record
SF:lib/features/copied/page_copied.dart
DA:10,1
DA:12,1
DA:14,1
DA:15,1
DA:16,1
DA:17,1
DA:23,1
DA:25,2
LF:8
LH:8
end_of_record
SF:lib/features/copied/widgets/panel_container.dart
DA:9,13
DA:11,2
DA:12,2
DA:20,2
DA:22,4
DA:26,6
DA:27,4
DA:29,2
DA:32,2
DA:34,4
DA:35,2
DA:38,2
DA:40,2
DA:41,2
DA:42,2
DA:43,2
DA:44,1
DA:45,2
DA:47,1
DA:48,2
DA:51,2
DA:52,2
LF:22
LH:22
end_of_record
SF:lib/features/home/widgets/button_process.dart
DA:7,2
DA:11,2
DA:13,2
DA:15,2
DA:16,2
DA:17,2
DA:27,2
DA:28,2
LF:8
LH:8
end_of_record
SF:lib/features/splash/widgets/label_logo_app.dart
DA:7,23
DA:9,3
DA:10,3
DA:12,3
DA:13,3
DA:15,9
DA:20,3
DA:22,3
DA:24,3
DA:26,3
DA:28,3
DA:29,3
DA:30,3
DA:31,3
DA:32,3
DA:33,3
LF:16
LH:16
end_of_record
SF:lib/features/copied/widgets/container_info.dart
DA:15,2
DA:20,2
DA:22,2
DA:24,2
DA:25,2
DA:26,2
DA:27,2
DA:29,2
DA:30,4
DA:31,2
DA:32,2
DA:33,2
DA:34,4
DA:35,4
DA:36,2
DA:38,6
DA:39,4
DA:45,4
LF:18
LH:18
end_of_record
SF:lib/features/home/widgets/label_color/label_hex_color.dart
DA:10,22
DA:12,3
DA:13,3
DA:19,3
DA:21,3
DA:22,3
DA:23,3
DA:24,3
DA:26,3
DA:28,3
DA:29,3
DA:34,3
DA:35,6
DA:37,3
DA:38,1
DA:39,1
DA:40,3
DA:42,1
DA:43,3
DA:46,1
DA:47,1
DA:48,2
DA:49,1
DA:50,2
DA:51,2
DA:53,1
DA:55,3
LF:27
LH:27
end_of_record
SF:lib/features/home/page_home.dart
DA:18,1
DA:20,1
DA:22,3
DA:23,1
DA:24,1
DA:25,1
DA:26,1
DA:29,1
DA:30,1
DA:31,1
DA:32,1
DA:43,1
DA:44,1
DA:45,1
DA:46,1
DA:48,1
DA:50,1
DA:57,1
DA:58,1
DA:60,1
DA:64,1
DA:65,2
DA:66,1
DA:67,1
DA:71,1
DA:86,1
DA:88,1
DA:89,2
LF:28
LH:28
end_of_record
SF:lib/features/home/widgets/color_overview/color_overview.dart
DA:16,11
DA:21,1
DA:23,1
DA:24,1
DA:25,1
DA:26,1
DA:27,1
DA:28,1
DA:29,1
DA:30,1
DA:31,1
DA:32,1
DA:36,1
DA:37,1
DA:38,1
DA:39,1
DA:40,1
DA:41,1
DA:45,1
DA:46,1
DA:47,1
DA:48,1
DA:49,1
DA:50,1
DA:54,1
DA:55,1
DA:56,1
DA:57,1
DA:58,1
DA:60,1
DA:61,1
DA:62,1
DA:64,1
DA:65,2
DA:66,2
LF:35
LH:35
end_of_record
SF:lib/features/home/widgets/slider/slider_progress.dart
DA:7,11
DA:9,1
DA:11,1
DA:12,1
DA:15,1
DA:16,1
DA:18,1
DA:19,1
DA:20,2
DA:21,2
DA:23,3
DA:27,1
DA:28,2
DA:29,2
DA:31,3
DA:35,1
DA:36,2
DA:37,2
DA:39,3
LF:19
LH:19
end_of_record
SF:lib/features/splash/widgets/logo_circle_white.dart
DA:10,13
DA:11,1
DA:13,3
DA:15,3
DA:17,3
DA:18,3
DA:19,3
DA:21,6
DA:30,3
DA:32,2
DA:33,2
DA:34,4
DA:35,2
DA:36,2
DA:37,2
DA:39,2
DA:40,2
DA:41,10
DA:42,4
DA:43,2
DA:44,2
DA:49,2
DA:51,2
DA:52,2
DA:53,2
DA:56,1
LF:26
LH:26
end_of_record
SF:lib/features/home/widgets/color_overview/blue.dart
DA:9,1
DA:14,1
DA:16,1
DA:18,1
DA:19,1
DA:20,1
DA:21,1
DA:25,1
DA:26,1
DA:27,1
DA:32,2
LF:11
LH:11
end_of_record
SF:lib/features/home/widgets/color_overview/color_painter.dart
DA:11,1
DA:19,1
DA:21,2
DA:22,4
DA:23,1
DA:24,3
DA:25,1
DA:26,1
DA:27,2
DA:28,1
DA:29,1
DA:30,5
DA:31,4
DA:32,2
DA:33,2
DA:39,1
LF:16
LH:16
end_of_record
SF:lib/features/home/widgets/color_overview/red.dart
DA:9,1
DA:14,1
DA:16,1
DA:18,1
DA:19,1
DA:20,1
DA:21,1
DA:25,1
DA:26,1
DA:27,1
DA:32,2
LF:11
LH:11
end_of_record
SF:lib/features/overview/page_overview.dart
DA:11,1
DA:13,1
DA:15,1
DA:16,1
DA:17,1
DA:18,1
DA:19,3
DA:20,1
DA:22,1
DA:23,2
LF:10
LH:10
end_of_record
SF:lib/features/home/widgets/color_overview/green.dart
DA:9,1
DA:14,1
DA:16,1
DA:18,1
DA:19,1
DA:20,1
DA:21,1
DA:25,1
DA:26,1
DA:27,1
DA:32,2
LF:11
LH:11
end_of_record
SF:lib/features/home/widgets/label_color/label_color_code.dart
DA:15,3
DA:22,3
DA:24,3
DA:25,21
DA:26,3
DA:28,3
DA:30,3
DA:31,9
DA:33,3
DA:34,1
DA:35,1
DA:36,2
DA:37,1
DA:39,2
DA:43,3
DA:44,3
DA:45,3
DA:47,3
DA:50,3
DA:52,3
DA:53,6
DA:55,3
DA:56,3
DA:58,3
DA:59,6
DA:60,3
DA:65,3
LF:27
LH:27
end_of_record
SF:lib/features/home/widgets/slider/slider_line.dart
DA:9,1
DA:14,1
DA:16,1
DA:17,1
DA:23,1
DA:25,3
DA:26,1
DA:29,1
DA:31,3
DA:32,1
DA:35,1
DA:37,1
DA:39,1
DA:40,1
DA:41,1
DA:44,1
DA:49,2
DA:52,1
DA:53,1
DA:55,1
DA:56,1
DA:57,2
DA:58,6
DA:61,2
DA:62,3
DA:63,2
LF:26
LH:26
end_of_record
SF:lib/features/splash/page_splash.dart
DA:10,1
DA:12,1
DA:14,1
DA:15,1
DA:16,1
DA:18,1
DA:19,1
DA:20,1
DA:22,2
DA:26,1
DA:27,1
LF:11
LH:11
end_of_record
